f:\hdd\яп2курс\lplab\courseproject_programminglanguages\debug\vc142.pdb
f:\hdd\яп2курс\lplab\courseproject_programminglanguages\debug\vc142.idb
f:\hdd\яп2курс\lplab\courseproject_programminglanguages\debug\sdfsdf.obj
f:\hdd\яп2курс\lplab\courseproject_programminglanguages\debug\polishnotation.obj
f:\hdd\яп2курс\lplab\courseproject_programminglanguages\debug\parm.obj
f:\hdd\яп2курс\lplab\courseproject_programminglanguages\debug\lt.obj
f:\hdd\яп2курс\lplab\courseproject_programminglanguages\debug\lplab14.obj
f:\hdd\яп2курс\lplab\courseproject_programminglanguages\debug\log.obj
f:\hdd\яп2курс\lplab\courseproject_programminglanguages\debug\lexicalrecognizer.obj
f:\hdd\яп2курс\lplab\courseproject_programminglanguages\debug\it.obj
f:\hdd\яп2курс\lplab\courseproject_programminglanguages\debug\in.obj
f:\hdd\яп2курс\lplab\courseproject_programminglanguages\debug\grb.obj
f:\hdd\яп2курс\lplab\courseproject_programminglanguages\debug\fst.obj
f:\hdd\яп2курс\lplab\courseproject_programminglanguages\debug\error.obj
f:\hdd\яп2курс\lplab\courseproject_programminglanguages\debug\mfst.obj
f:\hdd\яп2курс\lplab\courseproject_programminglanguages\debug\lplab14.tlog\cl.command.1.tlog
f:\hdd\яп2курс\lplab\courseproject_programminglanguages\debug\lplab14.tlog\cl.read.1.tlog
f:\hdd\яп2курс\lplab\courseproject_programminglanguages\debug\lplab14.tlog\cl.write.1.tlog
f:\hdd\яп2курс\lplab\courseproject_programminglanguages\debug\lplab14.tlog\link-cvtres.read.1.tlog
f:\hdd\яп2курс\lplab\courseproject_programminglanguages\debug\lplab14.tlog\link-cvtres.write.1.tlog
f:\hdd\яп2курс\lplab\courseproject_programminglanguages\debug\lplab14.tlog\link-rc.read.1.tlog
f:\hdd\яп2курс\lplab\courseproject_programminglanguages\debug\lplab14.tlog\link-rc.write.1.tlog
f:\hdd\яп2курс\lplab\courseproject_programminglanguages\debug\lplab14.tlog\link.6248-cvtres.read.1.tlog
f:\hdd\яп2курс\lplab\courseproject_programminglanguages\debug\lplab14.tlog\link.6248-cvtres.write.1.tlog
f:\hdd\яп2курс\lplab\courseproject_programminglanguages\debug\lplab14.tlog\link.6248-rc.read.1.tlog
f:\hdd\яп2курс\lplab\courseproject_programminglanguages\debug\lplab14.tlog\link.6248-rc.write.1.tlog
f:\hdd\яп2курс\lplab\courseproject_programminglanguages\debug\lplab14.tlog\link.6248.read.1.tlog
f:\hdd\яп2курс\lplab\courseproject_programminglanguages\debug\lplab14.tlog\link.6248.write.1.tlog
f:\hdd\яп2курс\lplab\courseproject_programminglanguages\debug\lplab14.tlog\link.command.1.tlog
f:\hdd\яп2курс\lplab\courseproject_programminglanguages\debug\lplab14.tlog\link.read.1.tlog
f:\hdd\яп2курс\lplab\courseproject_programminglanguages\debug\lplab14.tlog\link.write.1.tlog
