Тест:без ошибок 
 ---- Протокол ---- Дата: 14.10.2020 16:27:14 ----
---- Параметры ----
-log: In.txt.log
-out: In.txt.out
-in: In.txt
---- Исходные данные ----
Количество символов: 564
Проигнорировано: 23
Количество строк: 36

LEX_TABLE: 

	01 xfi(xi,xi)
	02 {
	03 dxi;
	04 i=iv(ivi);
	05 ri;
	06 };
	07 yfi(yi,yi)
	08 {
	09 dyi;
	10 dyfi(yi,xi,
	11 xi);
	12 i=i(i,n,n)vi;
	13 ri;
	14 };
	15 m
	16 {
	17 dxi;
	18 dxi;
	19 dxi;
	20 dyi;
	21 dyi;
	22 dyi;
	23 dxi(yi);
	24 i=n;
	25 i=n;
	26 i=s;
	27 i=s;
	28 i=i(i,i);
	29 i=i(i,i);
	30 ps;
	31 pi;
	32 n
	33 pi;
	34 pi(i);
	35 rn;
	36 };

ID_TABLE: 

	ID_NAME                       DATA_TYPE                     ID_TYPE                       VALUE                         ID_FIRST_LT                   

	fi                                         INT                             Function                             0                                    2                                  
	x                                           INT                             PARAMETER                           0                                   5                                  
	y                                           INT                             PARAMETER                           0                                   8                                  
	z                                           INT                             variable                             0                                    13                                 
	fs                                         STR                             Function                                                                  32                                 
	a                                           STR                             PARAMETER                                                               35                                 
	b                                           STR                             PARAMETER                                                               38                                 
	c                                           STR                             variable                                                                  43                                 
	substr                                 STR                             Function                                                                  48                                 
	p                                           INT                             PARAMETER                           0                                   54                                 
	n                                           INT                             PARAMETER                           0                                   57                                 
	num                                       INT                             Literal                               1                                     66                                 
	num                                       INT                             Literal                               3                                     68                                 
	x                                           INT                             variable                             0                                    82                                 
	y                                           INT                             variable                             0                                    86                                 
	z                                           INT                             variable                             0                                    90                                 
	sa                                         STR                             variable                                                                  94                                 
	sb                                         STR                             variable                                                                  98                                 
	sc                                         STR                             variable                                                                  102                                
	strlen                                 INT                             variable                             0                                    106                                
	p                                           STR                             PARAMETER                                                               109                                
	num                                       INT                             Literal                               1                                     114                                
	num                                       INT                             Literal                               5                                     118                                
	str                                       STR                             Literal                               '1234567890'                          122                                
	str                                       STR                             Literal                               '1234567890'                          126                                
	str                                       STR                             Literal                               'контрольныйпример'                   147                                
	num                                       INT                             Literal                               4                                     152                                
	num                                       INT                             Literal                               0                                     163                                
