integer function fi(integer x,integer y)?
{?
declare integer z;?
z=x*(x+y);?
return z;?
};?
string function fs(string a,string b)?
{?
declare string c;?
declare string function substr(string a,integer p,?
integer n);?
return c;?
};?
main?
{?
declare integer x;?
declare integer y;?
declare integer z;?
declare string sa;?
declare string sb;?
declare string sc;?
<<<<<<< HEAD
declare integer function strlen(string p);?
=======
>>>>>>> 82d83a8419a192cb262a4aabf6dfbbd868fbef56
x=1;?
y=5;?
sa='1234567890';?
sb='1234567890';?
z=fi(x,y);?
sc=fs(sa,sb);?
<<<<<<< HEAD
print strlen(sc);?
print 'контрольныйпример';?
print z;?
print sc;?
=======
>>>>>>> 82d83a8419a192cb262a4aabf6dfbbd868fbef56
return 0;?
};?
