Тест:без ошибок 
 ---- Протокол ---- Дата: 18.10.2020 19:36:37 ----
---- Параметры ----
-log: In.txt.log
-out: In.txt.out
-in: In.txt
---- Исходные данные ----
Количество символов: 698
Проигнорировано: 38
Количество строк: 43

LEX_TABLE: 

	01 ttfi(ti,ti)
	02 {
	03 dti;
	04 i=iv(ivi);
	05 iv(ivi)vi;
	06 ivi;
	07 ivivi;
	08 (ivi)vi;
	09 dtfi(ti,ti,
	10 ti);
	11 i(i,n,n)vi;
	12 ri;
	13 };
	14 tfi(ti,ti)
	15 {
	16 dti;
	17 dtfi(ti,ti,
	18 ti);
	19 i=i(i,n,n)vi;
	20 ri;
	21 };
	22 m
	23 {
	24 dti;
	25 dti;
	26 dti;
	27 dti;
	28 dti;
	29 dti;
	30 dti(ti);
	31 i=n;
	32 i=n;
	33 i=s;
	34 i=s;
	35 i=i(i,i);
	36 i=i(i,i);
	37 ps;
	38 pi;
	39 n
	40 pi;
	41 pi(i);
	42 rn;
	43 };

ID_TABLE: 

	ID_NAME                       DATA_TYPE                     ID_TYPE                       VALUE                         ID_FIRST_LT                   

	fi                                         INT                             Function                             0                                    3                                  
	x                                           INT                             PARAMETER                           0                                   6                                  
	y                                           INT                             PARAMETER                           0                                   9                                  
	z                                           INT                             variable                             0                                    14                                 
	substr                                 STR                             Function                                                                  57                                 
	a                                           STR                             PARAMETER                                                               60                                 
	p                                           INT                             PARAMETER                           0                                   63                                 
	n                                           INT                             PARAMETER                           0                                   66                                 
	num                                       INT                             Literal                               1                                     73                                 
	num                                       INT                             Literal                               3                                     75                                 
	fs                                         STR                             Function                                                                  87                                 
	a                                           STR                             PARAMETER                                                               90                                 
	b                                           STR                             PARAMETER                                                               93                                 
	c                                           STR                             variable                                                                  98                                 
	p                                           INT                             Function                             0                                    109                                
	n                                           INT                             PARAMETER                           0                                   112                                
	num                                       INT                             Literal                               1                                     121                                
	num                                       INT                             Literal                               3                                     123                                
	x                                           INT                             variable                             0                                    137                                
	y                                           INT                             variable                             0                                    141                                
	z                                           INT                             variable                             0                                    145                                
	sa                                         STR                             variable                                                                  149                                
	sb                                         STR                             variable                                                                  153                                
	sc                                         STR                             variable                                                                  157                                
	strlen                                 INT                             variable                             0                                    161                                
	num                                       INT                             Literal                               1                                     169                                
	num                                       INT                             Literal                               5                                     173                                
	str                                       STR                             Literal                               '1234567890'                          177                                
	str                                       STR                             Literal                               '1234567890'                          181                                
	str                                       STR                             Literal                               'контрольныйпример'                   202                                
	num                                       INT                             Literal                               4                                     207                                
	num                                       INT                             Literal                               0                                     218                                
